<?xml version="1.0" encoding="UTF-8"?>
<testng-results skipped="0" failed="0" total="1" passed="1">
  <reporter-output>
  </reporter-output>
  <suite name="Default suite" duration-ms="189" started-at="2023-05-14T07:07:20Z" finished-at="2023-05-14T07:07:21Z">
    <groups>
    </groups>
    <test name="Default test" duration-ms="189" started-at="2023-05-14T07:07:20Z" finished-at="2023-05-14T07:07:21Z">
      <class name="de_Serialization.DeserializedClass">
        <test-method status="PASS" signature="deserialexample()[pri:0, instance:de_Serialization.DeserializedClass@546a03af]" name="deserialexample" duration-ms="189" started-at="2023-05-14T12:37:20Z" finished-at="2023-05-14T12:37:21Z">
          <reporter-output>
          </reporter-output>
        </test-method> <!-- deserialexample -->
      </class> <!-- de_Serialization.DeserializedClass -->
    </test> <!-- Default test -->
  </suite> <!-- Default suite -->
</testng-results>
